c:\users\nurc\documents\vr project\samples\hellovr_opengl\debug\vc142.pdb
c:\users\nurc\documents\vr project\samples\hellovr_opengl\debug\vc142.idb
c:\users\nurc\documents\vr project\samples\hellovr_opengl\debug\hellovr_opengl_main.obj
c:\users\nurc\documents\vr project\samples\hellovr_opengl\debug\strtools.obj
c:\users\nurc\documents\vr project\samples\hellovr_opengl\debug\pathtools.obj
c:\users\nurc\documents\vr project\samples\hellovr_opengl\debug\matrices.obj
c:\users\nurc\documents\vr project\samples\hellovr_opengl\debug\lodepng.obj
c:\users\nurc\documents\vr project\samples\hellovr_opengl\debug\cylinder.obj
c:\users\nurc\documents\vr project\samples\hellovr_opengl\debug\cptime.obj
c:\users\nurc\documents\vr project\samples\hellovr_opengl\debug\poscalcs.obj
c:\users\nurc\documents\vr project\samples\hellovr_opengl\debug\lighthousetracking.obj
c:\users\nurc\documents\vr project\samples\hellovr_opengl\debug\main.obj
c:\users\nurc\documents\vr project\samples\bin\win32\hellovr_opengl.exe
c:\users\nurc\documents\vr project\samples\bin\win32\hellovr_opengl.ilk
c:\users\nurc\documents\vr project\samples\bin\win32\hellovr_opengl.pdb
c:\users\nurc\documents\vr project\samples\hellovr_opengl\..\bin\win32\hellovr_opengl.exe
c:\users\nurc\documents\vr project\samples\hellovr_opengl\debug\hellovr_opengl.tlog\cl.command.1.tlog
c:\users\nurc\documents\vr project\samples\hellovr_opengl\debug\hellovr_opengl.tlog\cl.read.1.tlog
c:\users\nurc\documents\vr project\samples\hellovr_opengl\debug\hellovr_opengl.tlog\cl.write.1.tlog
c:\users\nurc\documents\vr project\samples\hellovr_opengl\debug\hellovr_opengl.tlog\link.command.1.tlog
c:\users\nurc\documents\vr project\samples\hellovr_opengl\debug\hellovr_opengl.tlog\link.read.1.tlog
c:\users\nurc\documents\vr project\samples\hellovr_opengl\debug\hellovr_opengl.tlog\link.write.1.tlog
