C:\Program Files (x86)\Microsoft Visual Studio\2019\Community\MSBuild\Microsoft\VC\v160\Microsoft.CppBuild.targets(459,5): warning MSB8028: The intermediate directory (Debug\) contains files shared from another project (hellovr_opengl.vcxproj).  This can lead to incorrect clean and rebuild behavior.
  LighthouseTracking.cpp
C:\Users\aedth\Documents\GitHub\VR\samples\VR2Arm\LighthouseTracking.cpp(59,20): warning C4018: '<': signed/unsigned mismatch
C:\Users\aedth\Documents\GitHub\VR\samples\VR2Arm\LighthouseTracking.cpp(95,1): warning C4996: 'sprintf': This function or variable may be unsafe. Consider using sprintf_s instead. To disable deprecation, use _CRT_SECURE_NO_WARNINGS. See online help for details.
C:\Program Files (x86)\Windows Kits\10\Include\10.0.18362.0\ucrt\stdio.h(1774): message : see declaration of 'sprintf'
C:\Users\aedth\Documents\GitHub\VR\samples\VR2Arm\LighthouseTracking.cpp(99,1): warning C4996: 'sprintf': This function or variable may be unsafe. Consider using sprintf_s instead. To disable deprecation, use _CRT_SECURE_NO_WARNINGS. See online help for details.
C:\Program Files (x86)\Windows Kits\10\Include\10.0.18362.0\ucrt\stdio.h(1774): message : see declaration of 'sprintf'
C:\Users\aedth\Documents\GitHub\VR\samples\VR2Arm\LighthouseTracking.cpp(103,1): warning C4996: 'sprintf': This function or variable may be unsafe. Consider using sprintf_s instead. To disable deprecation, use _CRT_SECURE_NO_WARNINGS. See online help for details.
C:\Program Files (x86)\Windows Kits\10\Include\10.0.18362.0\ucrt\stdio.h(1774): message : see declaration of 'sprintf'
C:\Users\aedth\Documents\GitHub\VR\samples\VR2Arm\LighthouseTracking.cpp(107,1): warning C4996: 'sprintf': This function or variable may be unsafe. Consider using sprintf_s instead. To disable deprecation, use _CRT_SECURE_NO_WARNINGS. See online help for details.
C:\Program Files (x86)\Windows Kits\10\Include\10.0.18362.0\ucrt\stdio.h(1774): message : see declaration of 'sprintf'
C:\Users\aedth\Documents\GitHub\VR\samples\VR2Arm\LighthouseTracking.cpp(111,1): warning C4996: 'sprintf': This function or variable may be unsafe. Consider using sprintf_s instead. To disable deprecation, use _CRT_SECURE_NO_WARNINGS. See online help for details.
C:\Program Files (x86)\Windows Kits\10\Include\10.0.18362.0\ucrt\stdio.h(1774): message : see declaration of 'sprintf'
C:\Users\aedth\Documents\GitHub\VR\samples\VR2Arm\LighthouseTracking.cpp(115,1): warning C4996: 'sprintf': This function or variable may be unsafe. Consider using sprintf_s instead. To disable deprecation, use _CRT_SECURE_NO_WARNINGS. See online help for details.
C:\Program Files (x86)\Windows Kits\10\Include\10.0.18362.0\ucrt\stdio.h(1774): message : see declaration of 'sprintf'
C:\Users\aedth\Documents\GitHub\VR\samples\VR2Arm\LighthouseTracking.cpp(119,1): warning C4996: 'sprintf': This function or variable may be unsafe. Consider using sprintf_s instead. To disable deprecation, use _CRT_SECURE_NO_WARNINGS. See online help for details.
C:\Program Files (x86)\Windows Kits\10\Include\10.0.18362.0\ucrt\stdio.h(1774): message : see declaration of 'sprintf'
C:\Users\aedth\Documents\GitHub\VR\samples\VR2Arm\LighthouseTracking.cpp(123,1): warning C4996: 'sprintf': This function or variable may be unsafe. Consider using sprintf_s instead. To disable deprecation, use _CRT_SECURE_NO_WARNINGS. See online help for details.
C:\Program Files (x86)\Windows Kits\10\Include\10.0.18362.0\ucrt\stdio.h(1774): message : see declaration of 'sprintf'
C:\Users\aedth\Documents\GitHub\VR\samples\VR2Arm\LighthouseTracking.cpp(128,1): warning C4996: 'sprintf': This function or variable may be unsafe. Consider using sprintf_s instead. To disable deprecation, use _CRT_SECURE_NO_WARNINGS. See online help for details.
C:\Program Files (x86)\Windows Kits\10\Include\10.0.18362.0\ucrt\stdio.h(1774): message : see declaration of 'sprintf'
C:\Users\aedth\Documents\GitHub\VR\samples\VR2Arm\LighthouseTracking.cpp(135,1): warning C4996: 'sprintf': This function or variable may be unsafe. Consider using sprintf_s instead. To disable deprecation, use _CRT_SECURE_NO_WARNINGS. See online help for details.
C:\Program Files (x86)\Windows Kits\10\Include\10.0.18362.0\ucrt\stdio.h(1774): message : see declaration of 'sprintf'
C:\Users\aedth\Documents\GitHub\VR\samples\VR2Arm\LighthouseTracking.cpp(142,1): warning C4996: 'sprintf': This function or variable may be unsafe. Consider using sprintf_s instead. To disable deprecation, use _CRT_SECURE_NO_WARNINGS. See online help for details.
C:\Program Files (x86)\Windows Kits\10\Include\10.0.18362.0\ucrt\stdio.h(1774): message : see declaration of 'sprintf'
C:\Users\aedth\Documents\GitHub\VR\samples\VR2Arm\LighthouseTracking.cpp(148,1): warning C4996: 'sprintf': This function or variable may be unsafe. Consider using sprintf_s instead. To disable deprecation, use _CRT_SECURE_NO_WARNINGS. See online help for details.
C:\Program Files (x86)\Windows Kits\10\Include\10.0.18362.0\ucrt\stdio.h(1774): message : see declaration of 'sprintf'
C:\Users\aedth\Documents\GitHub\VR\samples\VR2Arm\LighthouseTracking.cpp(152,1): warning C4996: 'sprintf': This function or variable may be unsafe. Consider using sprintf_s instead. To disable deprecation, use _CRT_SECURE_NO_WARNINGS. See online help for details.
C:\Program Files (x86)\Windows Kits\10\Include\10.0.18362.0\ucrt\stdio.h(1774): message : see declaration of 'sprintf'
C:\Users\aedth\Documents\GitHub\VR\samples\VR2Arm\LighthouseTracking.cpp(159,1): warning C4996: 'sprintf': This function or variable may be unsafe. Consider using sprintf_s instead. To disable deprecation, use _CRT_SECURE_NO_WARNINGS. See online help for details.
C:\Program Files (x86)\Windows Kits\10\Include\10.0.18362.0\ucrt\stdio.h(1774): message : see declaration of 'sprintf'
C:\Users\aedth\Documents\GitHub\VR\samples\VR2Arm\LighthouseTracking.cpp(248,44): warning C4018: '<': signed/unsigned mismatch
C:\Users\aedth\Documents\GitHub\VR\samples\VR2Arm\LighthouseTracking.cpp(439,1): warning C4996: 'sprintf': This function or variable may be unsafe. Consider using sprintf_s instead. To disable deprecation, use _CRT_SECURE_NO_WARNINGS. See online help for details.
C:\Program Files (x86)\Windows Kits\10\Include\10.0.18362.0\ucrt\stdio.h(1774): message : see declaration of 'sprintf'
C:\Users\aedth\Documents\GitHub\VR\samples\VR2Arm\LighthouseTracking.cpp(440,1): warning C4996: 'sprintf': This function or variable may be unsafe. Consider using sprintf_s instead. To disable deprecation, use _CRT_SECURE_NO_WARNINGS. See online help for details.
C:\Program Files (x86)\Windows Kits\10\Include\10.0.18362.0\ucrt\stdio.h(1774): message : see declaration of 'sprintf'
C:\Users\aedth\Documents\GitHub\VR\samples\VR2Arm\LighthouseTracking.cpp(441,1): warning C4996: 'sprintf': This function or variable may be unsafe. Consider using sprintf_s instead. To disable deprecation, use _CRT_SECURE_NO_WARNINGS. See online help for details.
C:\Program Files (x86)\Windows Kits\10\Include\10.0.18362.0\ucrt\stdio.h(1774): message : see declaration of 'sprintf'
C:\Users\aedth\Documents\GitHub\VR\samples\VR2Arm\LighthouseTracking.cpp(554,20): warning C4018: '<': signed/unsigned mismatch
C:\Users\aedth\Documents\GitHub\VR\samples\VR2Arm\LighthouseTracking.cpp(517,1): warning C4996: 'sprintf': This function or variable may be unsafe. Consider using sprintf_s instead. To disable deprecation, use _CRT_SECURE_NO_WARNINGS. See online help for details.
C:\Program Files (x86)\Windows Kits\10\Include\10.0.18362.0\ucrt\stdio.h(1774): message : see declaration of 'sprintf'
C:\Users\aedth\Documents\GitHub\VR\samples\VR2Arm\LighthouseTracking.cpp(528,1): warning C4996: 'sprintf': This function or variable may be unsafe. Consider using sprintf_s instead. To disable deprecation, use _CRT_SECURE_NO_WARNINGS. See online help for details.
C:\Program Files (x86)\Windows Kits\10\Include\10.0.18362.0\ucrt\stdio.h(1774): message : see declaration of 'sprintf'
C:\Users\aedth\Documents\GitHub\VR\samples\VR2Arm\LighthouseTracking.cpp(539,1): warning C4996: 'sprintf': This function or variable may be unsafe. Consider using sprintf_s instead. To disable deprecation, use _CRT_SECURE_NO_WARNINGS. See online help for details.
C:\Program Files (x86)\Windows Kits\10\Include\10.0.18362.0\ucrt\stdio.h(1774): message : see declaration of 'sprintf'
C:\Users\aedth\Documents\GitHub\VR\samples\VR2Arm\LighthouseTracking.cpp(544,1): warning C4996: 'sprintf': This function or variable may be unsafe. Consider using sprintf_s instead. To disable deprecation, use _CRT_SECURE_NO_WARNINGS. See online help for details.
C:\Program Files (x86)\Windows Kits\10\Include\10.0.18362.0\ucrt\stdio.h(1774): message : see declaration of 'sprintf'
C:\Users\aedth\Documents\GitHub\VR\samples\VR2Arm\LighthouseTracking.cpp(545,1): warning C4996: 'sprintf': This function or variable may be unsafe. Consider using sprintf_s instead. To disable deprecation, use _CRT_SECURE_NO_WARNINGS. See online help for details.
C:\Program Files (x86)\Windows Kits\10\Include\10.0.18362.0\ucrt\stdio.h(1774): message : see declaration of 'sprintf'
C:\Users\aedth\Documents\GitHub\VR\samples\VR2Arm\LighthouseTracking.cpp(546,1): warning C4996: 'sprintf': This function or variable may be unsafe. Consider using sprintf_s instead. To disable deprecation, use _CRT_SECURE_NO_WARNINGS. See online help for details.
C:\Program Files (x86)\Windows Kits\10\Include\10.0.18362.0\ucrt\stdio.h(1774): message : see declaration of 'sprintf'
C:\Users\aedth\Documents\GitHub\VR\samples\VR2Arm\LighthouseTracking.cpp(548,1): warning C4996: 'sprintf': This function or variable may be unsafe. Consider using sprintf_s instead. To disable deprecation, use _CRT_SECURE_NO_WARNINGS. See online help for details.
C:\Program Files (x86)\Windows Kits\10\Include\10.0.18362.0\ucrt\stdio.h(1774): message : see declaration of 'sprintf'
C:\Users\aedth\Documents\GitHub\VR\samples\VR2Arm\LighthouseTracking.cpp(581,1): warning C4996: 'sprintf': This function or variable may be unsafe. Consider using sprintf_s instead. To disable deprecation, use _CRT_SECURE_NO_WARNINGS. See online help for details.
C:\Program Files (x86)\Windows Kits\10\Include\10.0.18362.0\ucrt\stdio.h(1774): message : see declaration of 'sprintf'
C:\Users\aedth\Documents\GitHub\VR\samples\VR2Arm\LighthouseTracking.cpp(584,1): warning C4996: 'sprintf': This function or variable may be unsafe. Consider using sprintf_s instead. To disable deprecation, use _CRT_SECURE_NO_WARNINGS. See online help for details.
C:\Program Files (x86)\Windows Kits\10\Include\10.0.18362.0\ucrt\stdio.h(1774): message : see declaration of 'sprintf'
C:\Users\aedth\Documents\GitHub\VR\samples\VR2Arm\LighthouseTracking.cpp(587,1): warning C4996: 'sprintf': This function or variable may be unsafe. Consider using sprintf_s instead. To disable deprecation, use _CRT_SECURE_NO_WARNINGS. See online help for details.
C:\Program Files (x86)\Windows Kits\10\Include\10.0.18362.0\ucrt\stdio.h(1774): message : see declaration of 'sprintf'
C:\Users\aedth\Documents\GitHub\VR\samples\VR2Arm\LighthouseTracking.cpp(590,1): warning C4996: 'sprintf': This function or variable may be unsafe. Consider using sprintf_s instead. To disable deprecation, use _CRT_SECURE_NO_WARNINGS. See online help for details.
C:\Program Files (x86)\Windows Kits\10\Include\10.0.18362.0\ucrt\stdio.h(1774): message : see declaration of 'sprintf'
C:\Users\aedth\Documents\GitHub\VR\samples\VR2Arm\LighthouseTracking.cpp(593,1): warning C4996: 'sprintf': This function or variable may be unsafe. Consider using sprintf_s instead. To disable deprecation, use _CRT_SECURE_NO_WARNINGS. See online help for details.
C:\Program Files (x86)\Windows Kits\10\Include\10.0.18362.0\ucrt\stdio.h(1774): message : see declaration of 'sprintf'
C:\Users\aedth\Documents\GitHub\VR\samples\VR2Arm\LighthouseTracking.cpp(596,1): warning C4996: 'sprintf': This function or variable may be unsafe. Consider using sprintf_s instead. To disable deprecation, use _CRT_SECURE_NO_WARNINGS. See online help for details.
C:\Program Files (x86)\Windows Kits\10\Include\10.0.18362.0\ucrt\stdio.h(1774): message : see declaration of 'sprintf'
C:\Users\aedth\Documents\GitHub\VR\samples\VR2Arm\LighthouseTracking.cpp(606,1): warning C4996: 'sprintf': This function or variable may be unsafe. Consider using sprintf_s instead. To disable deprecation, use _CRT_SECURE_NO_WARNINGS. See online help for details.
C:\Program Files (x86)\Windows Kits\10\Include\10.0.18362.0\ucrt\stdio.h(1774): message : see declaration of 'sprintf'
C:\Users\aedth\Documents\GitHub\VR\samples\VR2Arm\LighthouseTracking.cpp(608,1): warning C4996: 'sprintf': This function or variable may be unsafe. Consider using sprintf_s instead. To disable deprecation, use _CRT_SECURE_NO_WARNINGS. See online help for details.
C:\Program Files (x86)\Windows Kits\10\Include\10.0.18362.0\ucrt\stdio.h(1774): message : see declaration of 'sprintf'
C:\Users\aedth\Documents\GitHub\VR\samples\VR2Arm\LighthouseTracking.cpp(625,31): warning C4474: 'printf' : too many arguments passed for format string
C:\Users\aedth\Documents\GitHub\VR\samples\VR2Arm\LighthouseTracking.cpp(625,31): message : placeholders and their parameters expect 0 variadic arguments, but 1 were provided
C:\Users\aedth\Documents\GitHub\VR\samples\VR2Arm\LighthouseTracking.cpp(617,1): warning C4996: 'sprintf': This function or variable may be unsafe. Consider using sprintf_s instead. To disable deprecation, use _CRT_SECURE_NO_WARNINGS. See online help for details.
C:\Program Files (x86)\Windows Kits\10\Include\10.0.18362.0\ucrt\stdio.h(1774): message : see declaration of 'sprintf'
C:\Users\aedth\Documents\GitHub\VR\samples\VR2Arm\LighthouseTracking.cpp(619,1): warning C4996: 'sprintf': This function or variable may be unsafe. Consider using sprintf_s instead. To disable deprecation, use _CRT_SECURE_NO_WARNINGS. See online help for details.
C:\Program Files (x86)\Windows Kits\10\Include\10.0.18362.0\ucrt\stdio.h(1774): message : see declaration of 'sprintf'
  PosCalcs.cpp
C:\Users\aedth\Documents\GitHub\VR\samples\VR2Arm\PosCalcs.cpp(13,1): warning C4996: 'sprintf': This function or variable may be unsafe. Consider using sprintf_s instead. To disable deprecation, use _CRT_SECURE_NO_WARNINGS. See online help for details.
C:\Program Files (x86)\Windows Kits\10\Include\10.0.18362.0\ucrt\stdio.h(1774): message : see declaration of 'sprintf'
C:\Users\aedth\Documents\GitHub\VR\samples\VR2Arm\PosCalcs.cpp(15,1): warning C4996: 'sprintf': This function or variable may be unsafe. Consider using sprintf_s instead. To disable deprecation, use _CRT_SECURE_NO_WARNINGS. See online help for details.
C:\Program Files (x86)\Windows Kits\10\Include\10.0.18362.0\ucrt\stdio.h(1774): message : see declaration of 'sprintf'
C:\Users\aedth\Documents\GitHub\VR\samples\VR2Arm\PosCalcs.cpp(25,1): warning C4996: 'sprintf': This function or variable may be unsafe. Consider using sprintf_s instead. To disable deprecation, use _CRT_SECURE_NO_WARNINGS. See online help for details.
C:\Program Files (x86)\Windows Kits\10\Include\10.0.18362.0\ucrt\stdio.h(1774): message : see declaration of 'sprintf'
C:\Users\aedth\Documents\GitHub\VR\samples\VR2Arm\PosCalcs.cpp(28,1): warning C4996: 'sprintf': This function or variable may be unsafe. Consider using sprintf_s instead. To disable deprecation, use _CRT_SECURE_NO_WARNINGS. See online help for details.
C:\Program Files (x86)\Windows Kits\10\Include\10.0.18362.0\ucrt\stdio.h(1774): message : see declaration of 'sprintf'
C:\Users\aedth\Documents\GitHub\VR\samples\VR2Arm\PosCalcs.cpp(31,1): warning C4996: 'sprintf': This function or variable may be unsafe. Consider using sprintf_s instead. To disable deprecation, use _CRT_SECURE_NO_WARNINGS. See online help for details.
C:\Program Files (x86)\Windows Kits\10\Include\10.0.18362.0\ucrt\stdio.h(1774): message : see declaration of 'sprintf'
C:\Users\aedth\Documents\GitHub\VR\samples\VR2Arm\PosCalcs.cpp(34,1): warning C4996: 'sprintf': This function or variable may be unsafe. Consider using sprintf_s instead. To disable deprecation, use _CRT_SECURE_NO_WARNINGS. See online help for details.
C:\Program Files (x86)\Windows Kits\10\Include\10.0.18362.0\ucrt\stdio.h(1774): message : see declaration of 'sprintf'
C:\Users\aedth\Documents\GitHub\VR\samples\VR2Arm\PosCalcs.cpp(37,1): warning C4996: 'sprintf': This function or variable may be unsafe. Consider using sprintf_s instead. To disable deprecation, use _CRT_SECURE_NO_WARNINGS. See online help for details.
C:\Program Files (x86)\Windows Kits\10\Include\10.0.18362.0\ucrt\stdio.h(1774): message : see declaration of 'sprintf'
C:\Users\aedth\Documents\GitHub\VR\samples\VR2Arm\PosCalcs.cpp(40,1): warning C4996: 'sprintf': This function or variable may be unsafe. Consider using sprintf_s instead. To disable deprecation, use _CRT_SECURE_NO_WARNINGS. See online help for details.
C:\Program Files (x86)\Windows Kits\10\Include\10.0.18362.0\ucrt\stdio.h(1774): message : see declaration of 'sprintf'
C:\Users\aedth\Documents\GitHub\VR\samples\VR2Arm\PosCalcs.cpp(50,1): warning C4996: 'sprintf': This function or variable may be unsafe. Consider using sprintf_s instead. To disable deprecation, use _CRT_SECURE_NO_WARNINGS. See online help for details.
C:\Program Files (x86)\Windows Kits\10\Include\10.0.18362.0\ucrt\stdio.h(1774): message : see declaration of 'sprintf'
C:\Users\aedth\Documents\GitHub\VR\samples\VR2Arm\PosCalcs.cpp(52,1): warning C4996: 'sprintf': This function or variable may be unsafe. Consider using sprintf_s instead. To disable deprecation, use _CRT_SECURE_NO_WARNINGS. See online help for details.
C:\Program Files (x86)\Windows Kits\10\Include\10.0.18362.0\ucrt\stdio.h(1774): message : see declaration of 'sprintf'
C:\Users\aedth\Documents\GitHub\VR\samples\VR2Arm\PosCalcs.cpp(83,1): warning C4996: 'sprintf': This function or variable may be unsafe. Consider using sprintf_s instead. To disable deprecation, use _CRT_SECURE_NO_WARNINGS. See online help for details.
C:\Program Files (x86)\Windows Kits\10\Include\10.0.18362.0\ucrt\stdio.h(1774): message : see declaration of 'sprintf'
C:\Users\aedth\Documents\GitHub\VR\samples\VR2Arm\PosCalcs.cpp(85,1): warning C4996: 'sprintf': This function or variable may be unsafe. Consider using sprintf_s instead. To disable deprecation, use _CRT_SECURE_NO_WARNINGS. See online help for details.
C:\Program Files (x86)\Windows Kits\10\Include\10.0.18362.0\ucrt\stdio.h(1774): message : see declaration of 'sprintf'
C:\Users\aedth\Documents\GitHub\VR\samples\VR2Arm\PosCalcs.cpp(102,18): warning C4305: '=': truncation from 'double' to 'float'
C:\Users\aedth\Documents\GitHub\VR\samples\VR2Arm\PosCalcs.cpp(103,25): warning C4305: '=': truncation from 'double' to 'float'
C:\Users\aedth\Documents\GitHub\VR\samples\VR2Arm\PosCalcs.cpp(107,25): warning C4305: '=': truncation from 'double' to 'float'
C:\Users\aedth\Documents\GitHub\VR\samples\VR2Arm\PosCalcs.cpp(110,19): warning C4305: '=': truncation from 'double' to 'float'
C:\Users\aedth\Documents\GitHub\VR\samples\VR2Arm\PosCalcs.cpp(114,18): warning C4305: '=': truncation from 'double' to 'float'
C:\Users\aedth\Documents\GitHub\VR\samples\VR2Arm\PosCalcs.cpp(115,25): warning C4305: '=': truncation from 'double' to 'float'
C:\Users\aedth\Documents\GitHub\VR\samples\VR2Arm\PosCalcs.cpp(118,19): warning C4305: '=': truncation from 'double' to 'float'
C:\Users\aedth\Documents\GitHub\VR\samples\VR2Arm\PosCalcs.cpp(119,25): warning C4305: '=': truncation from 'double' to 'float'
C:\Users\aedth\Documents\GitHub\VR\samples\VR2Arm\PosCalcs.cpp(142,1): warning C4996: 'sprintf': This function or variable may be unsafe. Consider using sprintf_s instead. To disable deprecation, use _CRT_SECURE_NO_WARNINGS. See online help for details.
C:\Program Files (x86)\Windows Kits\10\Include\10.0.18362.0\ucrt\stdio.h(1774): message : see declaration of 'sprintf'
C:\Users\aedth\Documents\GitHub\VR\samples\VR2Arm\PosCalcs.cpp(143,1): warning C4996: 'sprintf': This function or variable may be unsafe. Consider using sprintf_s instead. To disable deprecation, use _CRT_SECURE_NO_WARNINGS. See online help for details.
C:\Program Files (x86)\Windows Kits\10\Include\10.0.18362.0\ucrt\stdio.h(1774): message : see declaration of 'sprintf'
C:\Users\aedth\Documents\GitHub\VR\samples\VR2Arm\PosCalcs.cpp(144,1): warning C4996: 'sprintf': This function or variable may be unsafe. Consider using sprintf_s instead. To disable deprecation, use _CRT_SECURE_NO_WARNINGS. See online help for details.
C:\Program Files (x86)\Windows Kits\10\Include\10.0.18362.0\ucrt\stdio.h(1774): message : see declaration of 'sprintf'
C:\Users\aedth\Documents\GitHub\VR\samples\VR2Arm\PosCalcs.cpp(146,1): warning C4996: 'sprintf': This function or variable may be unsafe. Consider using sprintf_s instead. To disable deprecation, use _CRT_SECURE_NO_WARNINGS. See online help for details.
C:\Program Files (x86)\Windows Kits\10\Include\10.0.18362.0\ucrt\stdio.h(1774): message : see declaration of 'sprintf'
C:\Users\aedth\Documents\GitHub\VR\samples\VR2Arm\PosCalcs.cpp(147,1): warning C4996: 'sprintf': This function or variable may be unsafe. Consider using sprintf_s instead. To disable deprecation, use _CRT_SECURE_NO_WARNINGS. See online help for details.
C:\Program Files (x86)\Windows Kits\10\Include\10.0.18362.0\ucrt\stdio.h(1774): message : see declaration of 'sprintf'
C:\Users\aedth\Documents\GitHub\VR\samples\VR2Arm\PosCalcs.cpp(148,1): warning C4996: 'sprintf': This function or variable may be unsafe. Consider using sprintf_s instead. To disable deprecation, use _CRT_SECURE_NO_WARNINGS. See online help for details.
C:\Program Files (x86)\Windows Kits\10\Include\10.0.18362.0\ucrt\stdio.h(1774): message : see declaration of 'sprintf'
C:\Users\aedth\Documents\GitHub\VR\samples\VR2Arm\PosCalcs.cpp(150,1): warning C4996: 'sprintf': This function or variable may be unsafe. Consider using sprintf_s instead. To disable deprecation, use _CRT_SECURE_NO_WARNINGS. See online help for details.
C:\Program Files (x86)\Windows Kits\10\Include\10.0.18362.0\ucrt\stdio.h(1774): message : see declaration of 'sprintf'
C:\Users\aedth\Documents\GitHub\VR\samples\VR2Arm\PosCalcs.cpp(152,1): warning C4996: 'sprintf': This function or variable may be unsafe. Consider using sprintf_s instead. To disable deprecation, use _CRT_SECURE_NO_WARNINGS. See online help for details.
C:\Program Files (x86)\Windows Kits\10\Include\10.0.18362.0\ucrt\stdio.h(1774): message : see declaration of 'sprintf'
C:\Users\aedth\Documents\GitHub\VR\samples\VR2Arm\PosCalcs.cpp(153,1): warning C4996: 'sprintf': This function or variable may be unsafe. Consider using sprintf_s instead. To disable deprecation, use _CRT_SECURE_NO_WARNINGS. See online help for details.
C:\Program Files (x86)\Windows Kits\10\Include\10.0.18362.0\ucrt\stdio.h(1774): message : see declaration of 'sprintf'
C:\Users\aedth\Documents\GitHub\VR\samples\VR2Arm\PosCalcs.cpp(154,1): warning C4996: 'sprintf': This function or variable may be unsafe. Consider using sprintf_s instead. To disable deprecation, use _CRT_SECURE_NO_WARNINGS. See online help for details.
C:\Program Files (x86)\Windows Kits\10\Include\10.0.18362.0\ucrt\stdio.h(1774): message : see declaration of 'sprintf'
C:\Users\aedth\Documents\GitHub\VR\samples\VR2Arm\PosCalcs.cpp(156,1): warning C4996: 'sprintf': This function or variable may be unsafe. Consider using sprintf_s instead. To disable deprecation, use _CRT_SECURE_NO_WARNINGS. See online help for details.
C:\Program Files (x86)\Windows Kits\10\Include\10.0.18362.0\ucrt\stdio.h(1774): message : see declaration of 'sprintf'
C:\Users\aedth\Documents\GitHub\VR\samples\VR2Arm\PosCalcs.cpp(182,18): warning C4244: '=': conversion from 'float' to 'int', possible loss of data
C:\Users\aedth\Documents\GitHub\VR\samples\VR2Arm\PosCalcs.cpp(195,51): warning C4305: '+=': truncation from 'double' to 'float'
C:\Users\aedth\Documents\GitHub\VR\samples\VR2Arm\PosCalcs.cpp(207,30): warning C4244: 'initializing': conversion from 'double' to 'float', possible loss of data
C:\Users\aedth\Documents\GitHub\VR\samples\VR2Arm\PosCalcs.cpp(207,24): warning C4244: 'initializing': conversion from 'double' to 'const float', possible loss of data
C:\Users\aedth\Documents\GitHub\VR\samples\VR2Arm\PosCalcs.cpp(209,36): warning C4244: 'initializing': conversion from 'double' to 'float', possible loss of data
C:\Users\aedth\Documents\GitHub\VR\samples\VR2Arm\PosCalcs.cpp(209,30): warning C4244: 'initializing': conversion from 'double' to 'const float', possible loss of data
C:\Users\aedth\Documents\GitHub\VR\samples\VR2Arm\PosCalcs.cpp(210,57): warning C4244: 'initializing': conversion from 'double' to 'float', possible loss of data
C:\Users\aedth\Documents\GitHub\VR\samples\VR2Arm\PosCalcs.cpp(210,33): warning C4244: 'initializing': conversion from 'double' to 'const float', possible loss of data
C:\Users\aedth\Documents\GitHub\VR\samples\VR2Arm\PosCalcs.cpp(211,61): warning C4244: 'initializing': conversion from 'double' to 'float', possible loss of data
C:\Users\aedth\Documents\GitHub\VR\samples\VR2Arm\PosCalcs.cpp(211,30): warning C4244: 'initializing': conversion from 'double' to 'const float', possible loss of data
C:\Users\aedth\Documents\GitHub\VR\samples\VR2Arm\PosCalcs.cpp(214,32): warning C4244: '=': conversion from 'const _Ty' to 'float', possible loss of data
          with
          [
              _Ty=double
          ]
C:\Users\aedth\Documents\GitHub\VR\samples\VR2Arm\PosCalcs.cpp(215,29): warning C4244: '=': conversion from 'const _Ty' to 'float', possible loss of data
          with
          [
              _Ty=double
          ]
C:\Users\aedth\Documents\GitHub\VR\samples\VR2Arm\PosCalcs.cpp(216,29): warning C4244: '=': conversion from 'const _Ty' to 'float', possible loss of data
          with
          [
              _Ty=double
          ]
C:\Users\aedth\Documents\GitHub\VR\samples\VR2Arm\PosCalcs.cpp(236,63): warning C4244: '=': conversion from 'double' to 'float', possible loss of data
  main.cpp
C:\Users\aedth\Documents\GitHub\VR\samples\VR2Arm\main.cpp(40,72): warning C4305: 'argument': truncation from 'double' to 'float'
  Generating Code...
  VR2Arm.vcxproj -> C:\Users\aedth\Documents\GitHub\VR\samples\VR2Arm\..\bin\win32\VR2Arm.exe
