c:\users\nurc\documents\vrproject\samples\vr2arm\debug\vc142.pdb
c:\users\nurc\documents\vrproject\samples\vr2arm\debug\vc142.idb
c:\users\nurc\documents\vrproject\samples\vr2arm\debug\serial.obj
c:\users\nurc\documents\vrproject\samples\vr2arm\debug\poscalcs.obj
c:\users\nurc\documents\vrproject\samples\vr2arm\debug\lighthousetracking.obj
c:\users\nurc\documents\vrproject\samples\vr2arm\debug\main.obj
c:\users\nurc\documents\vrproject\samples\vr2arm\debug\cylinder.obj
c:\users\nurc\documents\vrproject\samples\vr2arm\debug\strtools.obj
c:\users\nurc\documents\vrproject\samples\vr2arm\debug\pathtools.obj
c:\users\nurc\documents\vrproject\samples\vr2arm\debug\matrices.obj
c:\users\nurc\documents\vrproject\samples\vr2arm\debug\lodepng.obj
c:\users\nurc\documents\vrproject\samples\vr2arm\debug\cptime.obj
c:\users\nurc\documents\vrproject\samples\bin\win32\vr2arm.ilk
c:\users\nurc\documents\vrproject\samples\bin\win32\vr2arm.exe
c:\users\nurc\documents\vrproject\samples\bin\win32\vr2arm.pdb
c:\users\nurc\documents\vrproject\samples\vr2arm\..\bin\win32\vr2arm.exe
c:\users\nurc\documents\vrproject\samples\vr2arm\debug\vr2arm.tlog\cl.command.1.tlog
c:\users\nurc\documents\vrproject\samples\vr2arm\debug\vr2arm.tlog\cl.read.1.tlog
c:\users\nurc\documents\vrproject\samples\vr2arm\debug\vr2arm.tlog\cl.write.1.tlog
c:\users\nurc\documents\vrproject\samples\vr2arm\debug\vr2arm.tlog\link.command.1.tlog
c:\users\nurc\documents\vrproject\samples\vr2arm\debug\vr2arm.tlog\link.read.1.tlog
c:\users\nurc\documents\vrproject\samples\vr2arm\debug\vr2arm.tlog\link.write.1.tlog
