  LighthouseTracking.cpp
C:\Users\aedth\Documents\GitHub\VR\samples\hellovr_opengl\PosCalcs.h(83,27): warning C4305: 'initializing': truncation from 'double' to 'float'
C:\Users\aedth\Documents\GitHub\VR\samples\hellovr_opengl\PosCalcs.h(84,30): warning C4305: 'initializing': truncation from 'double' to 'float'
C:\Users\aedth\Documents\GitHub\VR\samples\hellovr_opengl\PosCalcs.h(85,30): warning C4305: 'initializing': truncation from 'double' to 'float'
C:\Users\aedth\Documents\GitHub\VR\samples\hellovr_opengl\PosCalcs.h(86,26): warning C4305: 'initializing': truncation from 'double' to 'float'
C:\Users\aedth\Documents\GitHub\VR\samples\hellovr_opengl\LighthouseTracking.cpp(59,20): warning C4018: '<': signed/unsigned mismatch
C:\Users\aedth\Documents\GitHub\VR\samples\hellovr_opengl\LighthouseTracking.cpp(95,1): warning C4996: 'sprintf': This function or variable may be unsafe. Consider using sprintf_s instead. To disable deprecation, use _CRT_SECURE_NO_WARNINGS. See online help for details.
C:\Program Files (x86)\Windows Kits\10\Include\10.0.18362.0\ucrt\stdio.h(1774): message : see declaration of 'sprintf'
C:\Users\aedth\Documents\GitHub\VR\samples\hellovr_opengl\LighthouseTracking.cpp(99,1): warning C4996: 'sprintf': This function or variable may be unsafe. Consider using sprintf_s instead. To disable deprecation, use _CRT_SECURE_NO_WARNINGS. See online help for details.
C:\Program Files (x86)\Windows Kits\10\Include\10.0.18362.0\ucrt\stdio.h(1774): message : see declaration of 'sprintf'
C:\Users\aedth\Documents\GitHub\VR\samples\hellovr_opengl\LighthouseTracking.cpp(103,1): warning C4996: 'sprintf': This function or variable may be unsafe. Consider using sprintf_s instead. To disable deprecation, use _CRT_SECURE_NO_WARNINGS. See online help for details.
C:\Program Files (x86)\Windows Kits\10\Include\10.0.18362.0\ucrt\stdio.h(1774): message : see declaration of 'sprintf'
C:\Users\aedth\Documents\GitHub\VR\samples\hellovr_opengl\LighthouseTracking.cpp(107,1): warning C4996: 'sprintf': This function or variable may be unsafe. Consider using sprintf_s instead. To disable deprecation, use _CRT_SECURE_NO_WARNINGS. See online help for details.
C:\Program Files (x86)\Windows Kits\10\Include\10.0.18362.0\ucrt\stdio.h(1774): message : see declaration of 'sprintf'
C:\Users\aedth\Documents\GitHub\VR\samples\hellovr_opengl\LighthouseTracking.cpp(111,1): warning C4996: 'sprintf': This function or variable may be unsafe. Consider using sprintf_s instead. To disable deprecation, use _CRT_SECURE_NO_WARNINGS. See online help for details.
C:\Program Files (x86)\Windows Kits\10\Include\10.0.18362.0\ucrt\stdio.h(1774): message : see declaration of 'sprintf'
C:\Users\aedth\Documents\GitHub\VR\samples\hellovr_opengl\LighthouseTracking.cpp(115,1): warning C4996: 'sprintf': This function or variable may be unsafe. Consider using sprintf_s instead. To disable deprecation, use _CRT_SECURE_NO_WARNINGS. See online help for details.
C:\Program Files (x86)\Windows Kits\10\Include\10.0.18362.0\ucrt\stdio.h(1774): message : see declaration of 'sprintf'
C:\Users\aedth\Documents\GitHub\VR\samples\hellovr_opengl\LighthouseTracking.cpp(119,1): warning C4996: 'sprintf': This function or variable may be unsafe. Consider using sprintf_s instead. To disable deprecation, use _CRT_SECURE_NO_WARNINGS. See online help for details.
C:\Program Files (x86)\Windows Kits\10\Include\10.0.18362.0\ucrt\stdio.h(1774): message : see declaration of 'sprintf'
C:\Users\aedth\Documents\GitHub\VR\samples\hellovr_opengl\LighthouseTracking.cpp(123,1): warning C4996: 'sprintf': This function or variable may be unsafe. Consider using sprintf_s instead. To disable deprecation, use _CRT_SECURE_NO_WARNINGS. See online help for details.
C:\Program Files (x86)\Windows Kits\10\Include\10.0.18362.0\ucrt\stdio.h(1774): message : see declaration of 'sprintf'
C:\Users\aedth\Documents\GitHub\VR\samples\hellovr_opengl\LighthouseTracking.cpp(128,1): warning C4996: 'sprintf': This function or variable may be unsafe. Consider using sprintf_s instead. To disable deprecation, use _CRT_SECURE_NO_WARNINGS. See online help for details.
C:\Program Files (x86)\Windows Kits\10\Include\10.0.18362.0\ucrt\stdio.h(1774): message : see declaration of 'sprintf'
C:\Users\aedth\Documents\GitHub\VR\samples\hellovr_opengl\LighthouseTracking.cpp(135,1): warning C4996: 'sprintf': This function or variable may be unsafe. Consider using sprintf_s instead. To disable deprecation, use _CRT_SECURE_NO_WARNINGS. See online help for details.
C:\Program Files (x86)\Windows Kits\10\Include\10.0.18362.0\ucrt\stdio.h(1774): message : see declaration of 'sprintf'
C:\Users\aedth\Documents\GitHub\VR\samples\hellovr_opengl\LighthouseTracking.cpp(142,1): warning C4996: 'sprintf': This function or variable may be unsafe. Consider using sprintf_s instead. To disable deprecation, use _CRT_SECURE_NO_WARNINGS. See online help for details.
C:\Program Files (x86)\Windows Kits\10\Include\10.0.18362.0\ucrt\stdio.h(1774): message : see declaration of 'sprintf'
C:\Users\aedth\Documents\GitHub\VR\samples\hellovr_opengl\LighthouseTracking.cpp(148,1): warning C4996: 'sprintf': This function or variable may be unsafe. Consider using sprintf_s instead. To disable deprecation, use _CRT_SECURE_NO_WARNINGS. See online help for details.
C:\Program Files (x86)\Windows Kits\10\Include\10.0.18362.0\ucrt\stdio.h(1774): message : see declaration of 'sprintf'
C:\Users\aedth\Documents\GitHub\VR\samples\hellovr_opengl\LighthouseTracking.cpp(152,1): warning C4996: 'sprintf': This function or variable may be unsafe. Consider using sprintf_s instead. To disable deprecation, use _CRT_SECURE_NO_WARNINGS. See online help for details.
C:\Program Files (x86)\Windows Kits\10\Include\10.0.18362.0\ucrt\stdio.h(1774): message : see declaration of 'sprintf'
C:\Users\aedth\Documents\GitHub\VR\samples\hellovr_opengl\LighthouseTracking.cpp(159,1): warning C4996: 'sprintf': This function or variable may be unsafe. Consider using sprintf_s instead. To disable deprecation, use _CRT_SECURE_NO_WARNINGS. See online help for details.
C:\Program Files (x86)\Windows Kits\10\Include\10.0.18362.0\ucrt\stdio.h(1774): message : see declaration of 'sprintf'
C:\Users\aedth\Documents\GitHub\VR\samples\hellovr_opengl\LighthouseTracking.cpp(248,44): warning C4018: '<': signed/unsigned mismatch
C:\Users\aedth\Documents\GitHub\VR\samples\hellovr_opengl\LighthouseTracking.cpp(439,1): warning C4996: 'sprintf': This function or variable may be unsafe. Consider using sprintf_s instead. To disable deprecation, use _CRT_SECURE_NO_WARNINGS. See online help for details.
C:\Program Files (x86)\Windows Kits\10\Include\10.0.18362.0\ucrt\stdio.h(1774): message : see declaration of 'sprintf'
C:\Users\aedth\Documents\GitHub\VR\samples\hellovr_opengl\LighthouseTracking.cpp(440,1): warning C4996: 'sprintf': This function or variable may be unsafe. Consider using sprintf_s instead. To disable deprecation, use _CRT_SECURE_NO_WARNINGS. See online help for details.
C:\Program Files (x86)\Windows Kits\10\Include\10.0.18362.0\ucrt\stdio.h(1774): message : see declaration of 'sprintf'
C:\Users\aedth\Documents\GitHub\VR\samples\hellovr_opengl\LighthouseTracking.cpp(441,1): warning C4996: 'sprintf': This function or variable may be unsafe. Consider using sprintf_s instead. To disable deprecation, use _CRT_SECURE_NO_WARNINGS. See online help for details.
C:\Program Files (x86)\Windows Kits\10\Include\10.0.18362.0\ucrt\stdio.h(1774): message : see declaration of 'sprintf'
C:\Users\aedth\Documents\GitHub\VR\samples\hellovr_opengl\LighthouseTracking.cpp(554,20): warning C4018: '<': signed/unsigned mismatch
C:\Users\aedth\Documents\GitHub\VR\samples\hellovr_opengl\LighthouseTracking.cpp(517,1): warning C4996: 'sprintf': This function or variable may be unsafe. Consider using sprintf_s instead. To disable deprecation, use _CRT_SECURE_NO_WARNINGS. See online help for details.
C:\Program Files (x86)\Windows Kits\10\Include\10.0.18362.0\ucrt\stdio.h(1774): message : see declaration of 'sprintf'
C:\Users\aedth\Documents\GitHub\VR\samples\hellovr_opengl\LighthouseTracking.cpp(528,1): warning C4996: 'sprintf': This function or variable may be unsafe. Consider using sprintf_s instead. To disable deprecation, use _CRT_SECURE_NO_WARNINGS. See online help for details.
C:\Program Files (x86)\Windows Kits\10\Include\10.0.18362.0\ucrt\stdio.h(1774): message : see declaration of 'sprintf'
C:\Users\aedth\Documents\GitHub\VR\samples\hellovr_opengl\LighthouseTracking.cpp(539,1): warning C4996: 'sprintf': This function or variable may be unsafe. Consider using sprintf_s instead. To disable deprecation, use _CRT_SECURE_NO_WARNINGS. See online help for details.
C:\Program Files (x86)\Windows Kits\10\Include\10.0.18362.0\ucrt\stdio.h(1774): message : see declaration of 'sprintf'
C:\Users\aedth\Documents\GitHub\VR\samples\hellovr_opengl\LighthouseTracking.cpp(544,1): warning C4996: 'sprintf': This function or variable may be unsafe. Consider using sprintf_s instead. To disable deprecation, use _CRT_SECURE_NO_WARNINGS. See online help for details.
C:\Program Files (x86)\Windows Kits\10\Include\10.0.18362.0\ucrt\stdio.h(1774): message : see declaration of 'sprintf'
C:\Users\aedth\Documents\GitHub\VR\samples\hellovr_opengl\LighthouseTracking.cpp(545,1): warning C4996: 'sprintf': This function or variable may be unsafe. Consider using sprintf_s instead. To disable deprecation, use _CRT_SECURE_NO_WARNINGS. See online help for details.
C:\Program Files (x86)\Windows Kits\10\Include\10.0.18362.0\ucrt\stdio.h(1774): message : see declaration of 'sprintf'
C:\Users\aedth\Documents\GitHub\VR\samples\hellovr_opengl\LighthouseTracking.cpp(546,1): warning C4996: 'sprintf': This function or variable may be unsafe. Consider using sprintf_s instead. To disable deprecation, use _CRT_SECURE_NO_WARNINGS. See online help for details.
C:\Program Files (x86)\Windows Kits\10\Include\10.0.18362.0\ucrt\stdio.h(1774): message : see declaration of 'sprintf'
C:\Users\aedth\Documents\GitHub\VR\samples\hellovr_opengl\LighthouseTracking.cpp(548,1): warning C4996: 'sprintf': This function or variable may be unsafe. Consider using sprintf_s instead. To disable deprecation, use _CRT_SECURE_NO_WARNINGS. See online help for details.
C:\Program Files (x86)\Windows Kits\10\Include\10.0.18362.0\ucrt\stdio.h(1774): message : see declaration of 'sprintf'
C:\Users\aedth\Documents\GitHub\VR\samples\hellovr_opengl\LighthouseTracking.cpp(581,1): warning C4996: 'sprintf': This function or variable may be unsafe. Consider using sprintf_s instead. To disable deprecation, use _CRT_SECURE_NO_WARNINGS. See online help for details.
C:\Program Files (x86)\Windows Kits\10\Include\10.0.18362.0\ucrt\stdio.h(1774): message : see declaration of 'sprintf'
C:\Users\aedth\Documents\GitHub\VR\samples\hellovr_opengl\LighthouseTracking.cpp(584,1): warning C4996: 'sprintf': This function or variable may be unsafe. Consider using sprintf_s instead. To disable deprecation, use _CRT_SECURE_NO_WARNINGS. See online help for details.
C:\Program Files (x86)\Windows Kits\10\Include\10.0.18362.0\ucrt\stdio.h(1774): message : see declaration of 'sprintf'
C:\Users\aedth\Documents\GitHub\VR\samples\hellovr_opengl\LighthouseTracking.cpp(587,1): warning C4996: 'sprintf': This function or variable may be unsafe. Consider using sprintf_s instead. To disable deprecation, use _CRT_SECURE_NO_WARNINGS. See online help for details.
C:\Program Files (x86)\Windows Kits\10\Include\10.0.18362.0\ucrt\stdio.h(1774): message : see declaration of 'sprintf'
C:\Users\aedth\Documents\GitHub\VR\samples\hellovr_opengl\LighthouseTracking.cpp(590,1): warning C4996: 'sprintf': This function or variable may be unsafe. Consider using sprintf_s instead. To disable deprecation, use _CRT_SECURE_NO_WARNINGS. See online help for details.
C:\Program Files (x86)\Windows Kits\10\Include\10.0.18362.0\ucrt\stdio.h(1774): message : see declaration of 'sprintf'
C:\Users\aedth\Documents\GitHub\VR\samples\hellovr_opengl\LighthouseTracking.cpp(593,1): warning C4996: 'sprintf': This function or variable may be unsafe. Consider using sprintf_s instead. To disable deprecation, use _CRT_SECURE_NO_WARNINGS. See online help for details.
C:\Program Files (x86)\Windows Kits\10\Include\10.0.18362.0\ucrt\stdio.h(1774): message : see declaration of 'sprintf'
C:\Users\aedth\Documents\GitHub\VR\samples\hellovr_opengl\LighthouseTracking.cpp(596,1): warning C4996: 'sprintf': This function or variable may be unsafe. Consider using sprintf_s instead. To disable deprecation, use _CRT_SECURE_NO_WARNINGS. See online help for details.
C:\Program Files (x86)\Windows Kits\10\Include\10.0.18362.0\ucrt\stdio.h(1774): message : see declaration of 'sprintf'
C:\Users\aedth\Documents\GitHub\VR\samples\hellovr_opengl\LighthouseTracking.cpp(606,1): warning C4996: 'sprintf': This function or variable may be unsafe. Consider using sprintf_s instead. To disable deprecation, use _CRT_SECURE_NO_WARNINGS. See online help for details.
C:\Program Files (x86)\Windows Kits\10\Include\10.0.18362.0\ucrt\stdio.h(1774): message : see declaration of 'sprintf'
C:\Users\aedth\Documents\GitHub\VR\samples\hellovr_opengl\LighthouseTracking.cpp(608,1): warning C4996: 'sprintf': This function or variable may be unsafe. Consider using sprintf_s instead. To disable deprecation, use _CRT_SECURE_NO_WARNINGS. See online help for details.
C:\Program Files (x86)\Windows Kits\10\Include\10.0.18362.0\ucrt\stdio.h(1774): message : see declaration of 'sprintf'
C:\Users\aedth\Documents\GitHub\VR\samples\hellovr_opengl\LighthouseTracking.cpp(625,31): warning C4474: 'printf' : too many arguments passed for format string
C:\Users\aedth\Documents\GitHub\VR\samples\hellovr_opengl\LighthouseTracking.cpp(625,31): message : placeholders and their parameters expect 0 variadic arguments, but 1 were provided
C:\Users\aedth\Documents\GitHub\VR\samples\hellovr_opengl\LighthouseTracking.cpp(617,1): warning C4996: 'sprintf': This function or variable may be unsafe. Consider using sprintf_s instead. To disable deprecation, use _CRT_SECURE_NO_WARNINGS. See online help for details.
C:\Program Files (x86)\Windows Kits\10\Include\10.0.18362.0\ucrt\stdio.h(1774): message : see declaration of 'sprintf'
C:\Users\aedth\Documents\GitHub\VR\samples\hellovr_opengl\LighthouseTracking.cpp(619,1): warning C4996: 'sprintf': This function or variable may be unsafe. Consider using sprintf_s instead. To disable deprecation, use _CRT_SECURE_NO_WARNINGS. See online help for details.
C:\Program Files (x86)\Windows Kits\10\Include\10.0.18362.0\ucrt\stdio.h(1774): message : see declaration of 'sprintf'
  PosCalcs.cpp
C:\Users\aedth\Documents\GitHub\VR\samples\hellovr_opengl\PosCalcs.h(83,27): warning C4305: 'initializing': truncation from 'double' to 'float'
C:\Users\aedth\Documents\GitHub\VR\samples\hellovr_opengl\PosCalcs.h(84,30): warning C4305: 'initializing': truncation from 'double' to 'float'
C:\Users\aedth\Documents\GitHub\VR\samples\hellovr_opengl\PosCalcs.h(85,30): warning C4305: 'initializing': truncation from 'double' to 'float'
C:\Users\aedth\Documents\GitHub\VR\samples\hellovr_opengl\PosCalcs.h(86,26): warning C4305: 'initializing': truncation from 'double' to 'float'
C:\Users\aedth\Documents\GitHub\VR\samples\hellovr_opengl\PosCalcs.cpp(13,1): warning C4996: 'sprintf': This function or variable may be unsafe. Consider using sprintf_s instead. To disable deprecation, use _CRT_SECURE_NO_WARNINGS. See online help for details.
C:\Program Files (x86)\Windows Kits\10\Include\10.0.18362.0\ucrt\stdio.h(1774): message : see declaration of 'sprintf'
C:\Users\aedth\Documents\GitHub\VR\samples\hellovr_opengl\PosCalcs.cpp(15,1): warning C4996: 'sprintf': This function or variable may be unsafe. Consider using sprintf_s instead. To disable deprecation, use _CRT_SECURE_NO_WARNINGS. See online help for details.
C:\Program Files (x86)\Windows Kits\10\Include\10.0.18362.0\ucrt\stdio.h(1774): message : see declaration of 'sprintf'
C:\Users\aedth\Documents\GitHub\VR\samples\hellovr_opengl\PosCalcs.cpp(25,1): warning C4996: 'sprintf': This function or variable may be unsafe. Consider using sprintf_s instead. To disable deprecation, use _CRT_SECURE_NO_WARNINGS. See online help for details.
C:\Program Files (x86)\Windows Kits\10\Include\10.0.18362.0\ucrt\stdio.h(1774): message : see declaration of 'sprintf'
C:\Users\aedth\Documents\GitHub\VR\samples\hellovr_opengl\PosCalcs.cpp(28,1): warning C4996: 'sprintf': This function or variable may be unsafe. Consider using sprintf_s instead. To disable deprecation, use _CRT_SECURE_NO_WARNINGS. See online help for details.
C:\Program Files (x86)\Windows Kits\10\Include\10.0.18362.0\ucrt\stdio.h(1774): message : see declaration of 'sprintf'
C:\Users\aedth\Documents\GitHub\VR\samples\hellovr_opengl\PosCalcs.cpp(31,1): warning C4996: 'sprintf': This function or variable may be unsafe. Consider using sprintf_s instead. To disable deprecation, use _CRT_SECURE_NO_WARNINGS. See online help for details.
C:\Program Files (x86)\Windows Kits\10\Include\10.0.18362.0\ucrt\stdio.h(1774): message : see declaration of 'sprintf'
C:\Users\aedth\Documents\GitHub\VR\samples\hellovr_opengl\PosCalcs.cpp(34,1): warning C4996: 'sprintf': This function or variable may be unsafe. Consider using sprintf_s instead. To disable deprecation, use _CRT_SECURE_NO_WARNINGS. See online help for details.
C:\Program Files (x86)\Windows Kits\10\Include\10.0.18362.0\ucrt\stdio.h(1774): message : see declaration of 'sprintf'
C:\Users\aedth\Documents\GitHub\VR\samples\hellovr_opengl\PosCalcs.cpp(37,1): warning C4996: 'sprintf': This function or variable may be unsafe. Consider using sprintf_s instead. To disable deprecation, use _CRT_SECURE_NO_WARNINGS. See online help for details.
C:\Program Files (x86)\Windows Kits\10\Include\10.0.18362.0\ucrt\stdio.h(1774): message : see declaration of 'sprintf'
C:\Users\aedth\Documents\GitHub\VR\samples\hellovr_opengl\PosCalcs.cpp(40,1): warning C4996: 'sprintf': This function or variable may be unsafe. Consider using sprintf_s instead. To disable deprecation, use _CRT_SECURE_NO_WARNINGS. See online help for details.
C:\Program Files (x86)\Windows Kits\10\Include\10.0.18362.0\ucrt\stdio.h(1774): message : see declaration of 'sprintf'
C:\Users\aedth\Documents\GitHub\VR\samples\hellovr_opengl\PosCalcs.cpp(50,1): warning C4996: 'sprintf': This function or variable may be unsafe. Consider using sprintf_s instead. To disable deprecation, use _CRT_SECURE_NO_WARNINGS. See online help for details.
C:\Program Files (x86)\Windows Kits\10\Include\10.0.18362.0\ucrt\stdio.h(1774): message : see declaration of 'sprintf'
C:\Users\aedth\Documents\GitHub\VR\samples\hellovr_opengl\PosCalcs.cpp(52,1): warning C4996: 'sprintf': This function or variable may be unsafe. Consider using sprintf_s instead. To disable deprecation, use _CRT_SECURE_NO_WARNINGS. See online help for details.
C:\Program Files (x86)\Windows Kits\10\Include\10.0.18362.0\ucrt\stdio.h(1774): message : see declaration of 'sprintf'
C:\Users\aedth\Documents\GitHub\VR\samples\hellovr_opengl\PosCalcs.cpp(83,1): warning C4996: 'sprintf': This function or variable may be unsafe. Consider using sprintf_s instead. To disable deprecation, use _CRT_SECURE_NO_WARNINGS. See online help for details.
C:\Program Files (x86)\Windows Kits\10\Include\10.0.18362.0\ucrt\stdio.h(1774): message : see declaration of 'sprintf'
C:\Users\aedth\Documents\GitHub\VR\samples\hellovr_opengl\PosCalcs.cpp(85,1): warning C4996: 'sprintf': This function or variable may be unsafe. Consider using sprintf_s instead. To disable deprecation, use _CRT_SECURE_NO_WARNINGS. See online help for details.
C:\Program Files (x86)\Windows Kits\10\Include\10.0.18362.0\ucrt\stdio.h(1774): message : see declaration of 'sprintf'
C:\Users\aedth\Documents\GitHub\VR\samples\hellovr_opengl\PosCalcs.cpp(107,1): warning C4996: 'sprintf': This function or variable may be unsafe. Consider using sprintf_s instead. To disable deprecation, use _CRT_SECURE_NO_WARNINGS. See online help for details.
C:\Program Files (x86)\Windows Kits\10\Include\10.0.18362.0\ucrt\stdio.h(1774): message : see declaration of 'sprintf'
C:\Users\aedth\Documents\GitHub\VR\samples\hellovr_opengl\PosCalcs.cpp(108,1): warning C4996: 'sprintf': This function or variable may be unsafe. Consider using sprintf_s instead. To disable deprecation, use _CRT_SECURE_NO_WARNINGS. See online help for details.
C:\Program Files (x86)\Windows Kits\10\Include\10.0.18362.0\ucrt\stdio.h(1774): message : see declaration of 'sprintf'
C:\Users\aedth\Documents\GitHub\VR\samples\hellovr_opengl\PosCalcs.cpp(109,1): warning C4996: 'sprintf': This function or variable may be unsafe. Consider using sprintf_s instead. To disable deprecation, use _CRT_SECURE_NO_WARNINGS. See online help for details.
C:\Program Files (x86)\Windows Kits\10\Include\10.0.18362.0\ucrt\stdio.h(1774): message : see declaration of 'sprintf'
C:\Users\aedth\Documents\GitHub\VR\samples\hellovr_opengl\PosCalcs.cpp(111,1): warning C4996: 'sprintf': This function or variable may be unsafe. Consider using sprintf_s instead. To disable deprecation, use _CRT_SECURE_NO_WARNINGS. See online help for details.
C:\Program Files (x86)\Windows Kits\10\Include\10.0.18362.0\ucrt\stdio.h(1774): message : see declaration of 'sprintf'
C:\Users\aedth\Documents\GitHub\VR\samples\hellovr_opengl\PosCalcs.cpp(112,1): warning C4996: 'sprintf': This function or variable may be unsafe. Consider using sprintf_s instead. To disable deprecation, use _CRT_SECURE_NO_WARNINGS. See online help for details.
C:\Program Files (x86)\Windows Kits\10\Include\10.0.18362.0\ucrt\stdio.h(1774): message : see declaration of 'sprintf'
C:\Users\aedth\Documents\GitHub\VR\samples\hellovr_opengl\PosCalcs.cpp(113,1): warning C4996: 'sprintf': This function or variable may be unsafe. Consider using sprintf_s instead. To disable deprecation, use _CRT_SECURE_NO_WARNINGS. See online help for details.
C:\Program Files (x86)\Windows Kits\10\Include\10.0.18362.0\ucrt\stdio.h(1774): message : see declaration of 'sprintf'
C:\Users\aedth\Documents\GitHub\VR\samples\hellovr_opengl\PosCalcs.cpp(115,1): warning C4996: 'sprintf': This function or variable may be unsafe. Consider using sprintf_s instead. To disable deprecation, use _CRT_SECURE_NO_WARNINGS. See online help for details.
C:\Program Files (x86)\Windows Kits\10\Include\10.0.18362.0\ucrt\stdio.h(1774): message : see declaration of 'sprintf'
C:\Users\aedth\Documents\GitHub\VR\samples\hellovr_opengl\PosCalcs.cpp(117,1): warning C4996: 'sprintf': This function or variable may be unsafe. Consider using sprintf_s instead. To disable deprecation, use _CRT_SECURE_NO_WARNINGS. See online help for details.
C:\Program Files (x86)\Windows Kits\10\Include\10.0.18362.0\ucrt\stdio.h(1774): message : see declaration of 'sprintf'
C:\Users\aedth\Documents\GitHub\VR\samples\hellovr_opengl\PosCalcs.cpp(118,1): warning C4996: 'sprintf': This function or variable may be unsafe. Consider using sprintf_s instead. To disable deprecation, use _CRT_SECURE_NO_WARNINGS. See online help for details.
C:\Program Files (x86)\Windows Kits\10\Include\10.0.18362.0\ucrt\stdio.h(1774): message : see declaration of 'sprintf'
C:\Users\aedth\Documents\GitHub\VR\samples\hellovr_opengl\PosCalcs.cpp(119,1): warning C4996: 'sprintf': This function or variable may be unsafe. Consider using sprintf_s instead. To disable deprecation, use _CRT_SECURE_NO_WARNINGS. See online help for details.
C:\Program Files (x86)\Windows Kits\10\Include\10.0.18362.0\ucrt\stdio.h(1774): message : see declaration of 'sprintf'
C:\Users\aedth\Documents\GitHub\VR\samples\hellovr_opengl\PosCalcs.cpp(121,1): warning C4996: 'sprintf': This function or variable may be unsafe. Consider using sprintf_s instead. To disable deprecation, use _CRT_SECURE_NO_WARNINGS. See online help for details.
C:\Program Files (x86)\Windows Kits\10\Include\10.0.18362.0\ucrt\stdio.h(1774): message : see declaration of 'sprintf'
C:\Users\aedth\Documents\GitHub\VR\samples\hellovr_opengl\PosCalcs.cpp(144,18): warning C4305: '=': truncation from 'double' to 'float'
C:\Users\aedth\Documents\GitHub\VR\samples\hellovr_opengl\PosCalcs.cpp(145,25): warning C4305: '=': truncation from 'double' to 'float'
C:\Users\aedth\Documents\GitHub\VR\samples\hellovr_opengl\PosCalcs.cpp(149,25): warning C4305: '=': truncation from 'double' to 'float'
C:\Users\aedth\Documents\GitHub\VR\samples\hellovr_opengl\PosCalcs.cpp(152,19): warning C4305: '=': truncation from 'double' to 'float'
C:\Users\aedth\Documents\GitHub\VR\samples\hellovr_opengl\PosCalcs.cpp(156,18): warning C4305: '=': truncation from 'double' to 'float'
C:\Users\aedth\Documents\GitHub\VR\samples\hellovr_opengl\PosCalcs.cpp(157,25): warning C4305: '=': truncation from 'double' to 'float'
C:\Users\aedth\Documents\GitHub\VR\samples\hellovr_opengl\PosCalcs.cpp(160,19): warning C4305: '=': truncation from 'double' to 'float'
C:\Users\aedth\Documents\GitHub\VR\samples\hellovr_opengl\PosCalcs.cpp(161,25): warning C4305: '=': truncation from 'double' to 'float'
C:\Users\aedth\Documents\GitHub\VR\samples\hellovr_opengl\PosCalcs.cpp(178,47): warning C4305: 'argument': truncation from 'double' to 'float'
C:\Users\aedth\Documents\GitHub\VR\samples\hellovr_opengl\PosCalcs.cpp(178,73): warning C4305: 'argument': truncation from 'double' to 'float'
C:\Users\aedth\Documents\GitHub\VR\samples\hellovr_opengl\PosCalcs.cpp(198,18): warning C4244: '=': conversion from 'float' to 'int', possible loss of data
C:\Users\aedth\Documents\GitHub\VR\samples\hellovr_opengl\PosCalcs.cpp(218,11): warning C4244: 'initializing': conversion from 'double' to 'float', possible loss of data
C:\Users\aedth\Documents\GitHub\VR\samples\hellovr_opengl\PosCalcs.cpp(222,33): warning C4244: '=': conversion from 'double' to 'float', possible loss of data
C:\Users\aedth\Documents\GitHub\VR\samples\hellovr_opengl\PosCalcs.cpp(225,20): warning C4244: 'initializing': conversion from 'double' to 'float', possible loss of data
C:\Users\aedth\Documents\GitHub\VR\samples\hellovr_opengl\PosCalcs.cpp(226,20): warning C4244: 'initializing': conversion from 'double' to 'float', possible loss of data
C:\Users\aedth\Documents\GitHub\VR\samples\hellovr_opengl\PosCalcs.cpp(227,10): warning C4244: '=': conversion from 'double' to 'float', possible loss of data
C:\Users\aedth\Documents\GitHub\VR\samples\hellovr_opengl\PosCalcs.cpp(234,6): warning C4101: 'length': unreferenced local variable
  main.cpp
C:\Users\aedth\Documents\GitHub\VR\samples\hellovr_opengl\PosCalcs.h(83,27): warning C4305: 'initializing': truncation from 'double' to 'float'
C:\Users\aedth\Documents\GitHub\VR\samples\hellovr_opengl\PosCalcs.h(84,30): warning C4305: 'initializing': truncation from 'double' to 'float'
C:\Users\aedth\Documents\GitHub\VR\samples\hellovr_opengl\PosCalcs.h(85,30): warning C4305: 'initializing': truncation from 'double' to 'float'
C:\Users\aedth\Documents\GitHub\VR\samples\hellovr_opengl\PosCalcs.h(86,26): warning C4305: 'initializing': truncation from 'double' to 'float'
  Generating Code...
  hellovr_opengl.vcxproj -> C:\Users\aedth\Documents\GitHub\VR\samples\hellovr_opengl\..\bin\win32\hellovr_opengl.exe
